C:\USERS\MARVEL\DOCUMENTS\VISUAL STUDIO 2012\PROJECTS\C++\CPPSHELLEXTCONTEXTMENUHANDLER\X64\DEBUG\CLASSFACTORY.OBJ
C:\USERS\MARVEL\DOCUMENTS\VISUAL STUDIO 2012\PROJECTS\C++\CPPSHELLEXTCONTEXTMENUHANDLER\X64\DEBUG\FILECONTEXTMENUEXT.OBJ
C:\USERS\MARVEL\DOCUMENTS\VISUAL STUDIO 2012\PROJECTS\C++\CPPSHELLEXTCONTEXTMENUHANDLER\X64\DEBUG\REG.OBJ
C:\USERS\MARVEL\DOCUMENTS\VISUAL STUDIO 2012\PROJECTS\C++\CPPSHELLEXTCONTEXTMENUHANDLER\X64\DEBUG\VC110.PDB
C:\USERS\MARVEL\DOCUMENTS\VISUAL STUDIO 2012\PROJECTS\C++\CPPSHELLEXTCONTEXTMENUHANDLER\X64\DEBUG\DLLMAIN.OBJ
C:\USERS\MARVEL\DOCUMENTS\VISUAL STUDIO 2012\PROJECTS\C++\CPPSHELLEXTCONTEXTMENUHANDLER\X64\DEBUG\CPPSHELLEXTCONTEXTMENUHANDLER.RES
C:\Users\Marvel\Documents\Visual Studio 2012\Projects\C++\CppShellExtContextMenuHandler\x64\Debug\ClassFactory.obj
C:\Users\Marvel\Documents\Visual Studio 2012\Projects\C++\CppShellExtContextMenuHandler\x64\Debug\dllmain.obj
C:\Users\Marvel\Documents\Visual Studio 2012\Projects\C++\CppShellExtContextMenuHandler\x64\Debug\FileContextMenuExt.obj
C:\Users\Marvel\Documents\Visual Studio 2012\Projects\C++\CppShellExtContextMenuHandler\x64\Debug\Reg.obj
C:\Users\Marvel\Documents\Visual Studio 2012\Projects\C++\CppShellExtContextMenuHandler\x64\Debug\cl.command.1.tlog
C:\Users\Marvel\Documents\Visual Studio 2012\Projects\C++\CppShellExtContextMenuHandler\x64\Debug\CL.read.1.tlog
C:\Users\Marvel\Documents\Visual Studio 2012\Projects\C++\CppShellExtContextMenuHandler\x64\Debug\CL.write.1.tlog
C:\Users\Marvel\Documents\Visual Studio 2012\Projects\C++\CppShellExtContextMenuHandler\x64\Debug\link.command.1.tlog
C:\Users\Marvel\Documents\Visual Studio 2012\Projects\C++\CppShellExtContextMenuHandler\x64\Debug\link.read.1.tlog
C:\Users\Marvel\Documents\Visual Studio 2012\Projects\C++\CppShellExtContextMenuHandler\x64\Debug\link.write.1.tlog
C:\Users\Marvel\Documents\Visual Studio 2012\Projects\C++\CppShellExtContextMenuHandler\x64\Debug\rc.command.1.tlog
C:\Users\Marvel\Documents\Visual Studio 2012\Projects\C++\CppShellExtContextMenuHandler\x64\Debug\rc.read.1.tlog
C:\Users\Marvel\Documents\Visual Studio 2012\Projects\C++\CppShellExtContextMenuHandler\x64\Debug\rc.write.1.tlog
C:\Users\Marvel\Documents\Visual Studio 2012\Projects\C++\CppShellExtContextMenuHandler\x64\Debug\CppShellExtContextMenuHandler.res
C:\Users\Marvel\Documents\Visual Studio 2012\Projects\C++\CppShellExtContextMenuHandler\x64\Debug\vc110.idb
C:\Users\Marvel\Documents\Visual Studio 2012\Projects\C++\CppShellExtContextMenuHandler\x64\Debug\vc110.pdb
C:\Users\Marvel\Documents\Visual Studio 2012\Projects\C++\x64\Debug\CppShellExtContextMenuHandler.dll
