Build started 30.01.2014 20:16:58.
     1>Project "C:\Users\Marvel\Documents\Visual Studio 2012\Projects\C++\CppShellExtContextMenuHandler\CppShellExtContextMenuHandler.vcxproj" on node 2 (Build target(s)).
     1>InitializeBuildStatus:
         Touching "x64\Debug\CppShellExtContextMenuHandler.unsuccessfulbuild".
       ClCompile:
         C:\Program Files (x86)\Microsoft Visual Studio 11.0\VC\bin\x86_amd64\CL.exe /c /Zi /nologo /W3 /WX- /Od /D WIN32 /D _DEBUG /D _WINDOWS /D _USRDLL /D CPPSHELLEXTCONTEXTMENUHANDLER_EXPORTS /D _WINDLL /D _UNICODE /D UNICODE /Gm /EHsc /RTC1 /MDd /GS /fp:precise /Zc:wchar_t /Zc:forScope /Fo"x64\Debug\\" /Fd"x64\Debug\vc110.pdb" /Gd /TP /errorReport:prompt ClassFactory.cpp FileContextMenuExt.cpp Reg.cpp
         Reg.cpp
         FileContextMenuExt.cpp
     1>FileContextMenuExt.cpp(271): warning C4267: 'initializing' : conversion from 'size_t' to 'UINT', possible loss of data
         ClassFactory.cpp
         Generating Code...
         C:\Program Files (x86)\Microsoft Visual Studio 11.0\VC\bin\x86_amd64\CL.exe /c /Zi /nologo /W3 /WX- /Od /D WIN32 /D _DEBUG /D _WINDOWS /D _USRDLL /D CPPSHELLEXTCONTEXTMENUHANDLER_EXPORTS /D _WINDLL /D _UNICODE /D UNICODE /Gm /EHsc /RTC1 /MDd /GS /fp:precise /Zc:wchar_t /Zc:forScope /Fo"x64\Debug\\" /Fd"x64\Debug\vc110.pdb" /Gd /TP /errorReport:prompt dllmain.cpp
         dllmain.cpp
       ResourceCompile:
         C:\Program Files (x86)\Windows Kits\8.0\bin\x86\rc.exe /D _UNICODE /D UNICODE /l"0x0409" /nologo /fo"x64\Debug\CppShellExtContextMenuHandler.res" CppShellExtContextMenuHandler.rc 
       Link:
         C:\Program Files (x86)\Microsoft Visual Studio 11.0\VC\bin\x86_amd64\link.exe /ERRORREPORT:PROMPT /OUT:"C:\Users\Marvel\Documents\Visual Studio 2012\Projects\C++\x64\Debug\CppShellExtContextMenuHandler.dll" /INCREMENTAL /NOLOGO kernel32.lib user32.lib gdi32.lib winspool.lib comdlg32.lib advapi32.lib shell32.lib ole32.lib oleaut32.lib uuid.lib odbc32.lib odbccp32.lib /DEF:"GlobalExportFunctions.def" /MANIFEST /MANIFESTUAC:"level='asInvoker' uiAccess='false'" /manifest:embed /DEBUG /PDB:"C:\Users\Marvel\Documents\Visual Studio 2012\Projects\C++\x64\Debug\CppShellExtContextMenuHandler.pdb" /SUBSYSTEM:WINDOWS /TLBID:1 /DYNAMICBASE /NXCOMPAT /IMPLIB:"C:\Users\Marvel\Documents\Visual Studio 2012\Projects\C++\x64\Debug\CppShellExtContextMenuHandler.lib" /MACHINE:X64 /DLL x64\Debug\CppShellExtContextMenuHandler.res
         x64\Debug\ClassFactory.obj
         x64\Debug\dllmain.obj
         x64\Debug\FileContextMenuExt.obj
         x64\Debug\Reg.obj
            Creating library C:\Users\Marvel\Documents\Visual Studio 2012\Projects\C++\x64\Debug\CppShellExtContextMenuHandler.lib and object C:\Users\Marvel\Documents\Visual Studio 2012\Projects\C++\x64\Debug\CppShellExtContextMenuHandler.exp
         CppShellExtContextMenuHandler.vcxproj -> C:\Users\Marvel\Documents\Visual Studio 2012\Projects\C++\x64\Debug\CppShellExtContextMenuHandler.dll
       FinalizeBuildStatus:
         Deleting file "x64\Debug\CppShellExtContextMenuHandler.unsuccessfulbuild".
         Touching "x64\Debug\CppShellExtContextMenuHandler.lastbuildstate".
     1>Done Building Project "C:\Users\Marvel\Documents\Visual Studio 2012\Projects\C++\CppShellExtContextMenuHandler\CppShellExtContextMenuHandler.vcxproj" (Build target(s)).

Build succeeded.

Time Elapsed 00:00:05.36
