C:\USERS\MARVEL\DOCUMENTS\VISUAL STUDIO 2012\PROJECTS\C++\CPPSHELLEXTCONTEXTMENUHANDLER\DEBUG\CLASSFACTORY.OBJ
C:\USERS\MARVEL\DOCUMENTS\VISUAL STUDIO 2012\PROJECTS\C++\CPPSHELLEXTCONTEXTMENUHANDLER\DEBUG\FILECONTEXTMENUEXT.OBJ
C:\USERS\MARVEL\DOCUMENTS\VISUAL STUDIO 2012\PROJECTS\C++\CPPSHELLEXTCONTEXTMENUHANDLER\DEBUG\REG.OBJ
C:\USERS\MARVEL\DOCUMENTS\VISUAL STUDIO 2012\PROJECTS\C++\CPPSHELLEXTCONTEXTMENUHANDLER\DEBUG\VC110.PDB
C:\USERS\MARVEL\DOCUMENTS\VISUAL STUDIO 2012\PROJECTS\C++\CPPSHELLEXTCONTEXTMENUHANDLER\DEBUG\DLLMAIN.OBJ
C:\Users\Marvel\Documents\Visual Studio 2012\Projects\C++\Debug\CppShellExtContextMenuHandler.lib
C:\Users\Marvel\Documents\Visual Studio 2012\Projects\C++\Debug\CppShellExtContextMenuHandler.exp
C:\USERS\MARVEL\DOCUMENTS\VISUAL STUDIO 2012\PROJECTS\C++\DEBUG\CPPSHELLEXTCONTEXTMENUHANDLER.ILK
C:\USERS\MARVEL\DOCUMENTS\VISUAL STUDIO 2012\PROJECTS\C++\DEBUG\CPPSHELLEXTCONTEXTMENUHANDLER.DLL
C:\USERS\MARVEL\DOCUMENTS\VISUAL STUDIO 2012\PROJECTS\C++\DEBUG\CPPSHELLEXTCONTEXTMENUHANDLER.PDB
C:\USERS\MARVEL\DOCUMENTS\VISUAL STUDIO 2012\PROJECTS\C++\CPPSHELLEXTCONTEXTMENUHANDLER\DEBUG\CPPSHELLEXTCONTEXTMENUHANDLER.RES
C:\Users\Marvel\Documents\Visual Studio 2012\Projects\C++\CppShellExtContextMenuHandler\Debug\ClassFactory.obj
C:\Users\Marvel\Documents\Visual Studio 2012\Projects\C++\CppShellExtContextMenuHandler\Debug\dllmain.obj
C:\Users\Marvel\Documents\Visual Studio 2012\Projects\C++\CppShellExtContextMenuHandler\Debug\FileContextMenuExt.obj
C:\Users\Marvel\Documents\Visual Studio 2012\Projects\C++\CppShellExtContextMenuHandler\Debug\Reg.obj
C:\Users\Marvel\Documents\Visual Studio 2012\Projects\C++\CppShellExtContextMenuHandler\Debug\cl.command.1.tlog
C:\Users\Marvel\Documents\Visual Studio 2012\Projects\C++\CppShellExtContextMenuHandler\Debug\CL.read.1.tlog
C:\Users\Marvel\Documents\Visual Studio 2012\Projects\C++\CppShellExtContextMenuHandler\Debug\CL.write.1.tlog
C:\Users\Marvel\Documents\Visual Studio 2012\Projects\C++\CppShellExtContextMenuHandler\Debug\CppShellExtContextMenuHandler.write.1.tlog
C:\Users\Marvel\Documents\Visual Studio 2012\Projects\C++\CppShellExtContextMenuHandler\Debug\link-cvtres.read.1.tlog
C:\Users\Marvel\Documents\Visual Studio 2012\Projects\C++\CppShellExtContextMenuHandler\Debug\link-cvtres.write.1.tlog
C:\Users\Marvel\Documents\Visual Studio 2012\Projects\C++\CppShellExtContextMenuHandler\Debug\link-rc.read.1.tlog
C:\Users\Marvel\Documents\Visual Studio 2012\Projects\C++\CppShellExtContextMenuHandler\Debug\link-rc.write.1.tlog
C:\Users\Marvel\Documents\Visual Studio 2012\Projects\C++\CppShellExtContextMenuHandler\Debug\link.command.1.tlog
C:\Users\Marvel\Documents\Visual Studio 2012\Projects\C++\CppShellExtContextMenuHandler\Debug\link.read.1.tlog
C:\Users\Marvel\Documents\Visual Studio 2012\Projects\C++\CppShellExtContextMenuHandler\Debug\link.write.1.tlog
C:\Users\Marvel\Documents\Visual Studio 2012\Projects\C++\CppShellExtContextMenuHandler\Debug\rc.command.1.tlog
C:\Users\Marvel\Documents\Visual Studio 2012\Projects\C++\CppShellExtContextMenuHandler\Debug\rc.read.1.tlog
C:\Users\Marvel\Documents\Visual Studio 2012\Projects\C++\CppShellExtContextMenuHandler\Debug\rc.write.1.tlog
C:\Users\Marvel\Documents\Visual Studio 2012\Projects\C++\CppShellExtContextMenuHandler\Debug\CppShellExtContextMenuHandler.res
C:\Users\Marvel\Documents\Visual Studio 2012\Projects\C++\CppShellExtContextMenuHandler\Debug\vc110.idb
C:\Users\Marvel\Documents\Visual Studio 2012\Projects\C++\CppShellExtContextMenuHandler\Debug\vc110.pdb
C:\Users\Marvel\Documents\Visual Studio 2012\Projects\C++\Debug\CppShellExtContextMenuHandler.pdb
C:\Users\Marvel\Documents\Visual Studio 2012\Projects\C++\Debug\CppShellExtContextMenuHandler.dll
C:\Users\Marvel\Documents\Visual Studio 2012\Projects\C++\Debug\CppShellExtContextMenuHandler.ilk
