Build started 27.01.2014 18:00:20.
     1>Project "C:\Users\Marvel\Documents\Visual Studio 2012\Projects\C++\CppShellExtContextMenuHandler\CppShellExtContextMenuHandler.vcxproj" on node 2 (Build target(s)).
     1>InitializeBuildStatus:
         Creating "Debug\CppShellExtContextMenuHandler.unsuccessfulbuild" because "AlwaysCreate" was specified.
       ClCompile:
         All outputs are up-to-date.
         All outputs are up-to-date.
       ResourceCompile:
         All outputs are up-to-date.
       Link:
         C:\Program Files (x86)\Microsoft Visual Studio 11.0\VC\bin\link.exe /ERRORREPORT:PROMPT /OUT:"C:\Users\Marvel\Documents\Visual Studio 2012\Projects\C++\Debug\CppShellExtContextMenuHandler.dll" /INCREMENTAL /NOLOGO kernel32.lib user32.lib gdi32.lib winspool.lib comdlg32.lib advapi32.lib shell32.lib ole32.lib oleaut32.lib uuid.lib odbc32.lib odbccp32.lib /DEF:"GlobalExportFunctions.def" /MANIFEST /MANIFESTUAC:"level='asInvoker' uiAccess='false'" /manifest:embed /DEBUG /PDB:"C:\Users\Marvel\Documents\Visual Studio 2012\Projects\C++\Debug\CppShellExtContextMenuHandler.pdb" /SUBSYSTEM:WINDOWS /TLBID:1 /DYNAMICBASE /NXCOMPAT /IMPLIB:"C:\Users\Marvel\Documents\Visual Studio 2012\Projects\C++\Debug\CppShellExtContextMenuHandler.lib" /MACHINE:X86 /DLL Debug\CppShellExtContextMenuHandler.res
         Debug\ClassFactory.obj
         Debug\dllmain.obj
         Debug\FileContextMenuExt.obj
         Debug\Reg.obj
         CppShellExtContextMenuHandler.vcxproj -> C:\Users\Marvel\Documents\Visual Studio 2012\Projects\C++\Debug\CppShellExtContextMenuHandler.dll
       FinalizeBuildStatus:
         Deleting file "Debug\CppShellExtContextMenuHandler.unsuccessfulbuild".
         Touching "Debug\CppShellExtContextMenuHandler.lastbuildstate".
     1>Done Building Project "C:\Users\Marvel\Documents\Visual Studio 2012\Projects\C++\CppShellExtContextMenuHandler\CppShellExtContextMenuHandler.vcxproj" (Build target(s)).

Build succeeded.

Time Elapsed 00:00:00.25
